<?xml version="1.0" encoding="UTF-8" ?>
<testsuite tests="32" failures="0" name="zemberek.morphology.analysis.PronounsTest" time="0.437" errors="0" skipped="0">
  <properties>
[...]
</properties>
  <testcase classname="zemberek.morphology.analysis.PronounsTest" name="biriTest1" time="0.013"/>
  <testcase classname="zemberek.morphology.analysis.PronounsTest" name="baziTest" time="0.009"/>
  <testcase classname="zemberek.morphology.analysis.PronounsTest" name="berikiTest" time="0.011"/>
  <testcase classname="zemberek.morphology.analysis.PronounsTest" name="bizSizTest" time="0.022"/>
  <testcase classname="zemberek.morphology.analysis.PronounsTest" name="neTest" time="0.01"/>
  <testcase classname="zemberek.morphology.analysis.PronounsTest" name="oTest1" time="0.007"/>
  <testcase classname="zemberek.morphology.analysis.PronounsTest" name="topuTest" time="0.01"/>
  <testcase classname="zemberek.morphology.analysis.PronounsTest" name="umumTest" time="0.009"/>
  <testcase classname="zemberek.morphology.analysis.PronounsTest" name="herkesTest" time="0.01"/>
  <testcase classname="zemberek.morphology.analysis.PronounsTest" name="coguTest" time="0.017"/>
  <testcase classname="zemberek.morphology.analysis.PronounsTest" name="kimTest" time="0.013"/>
  <testcase classname="zemberek.morphology.analysis.PronounsTest" name="cumlesiTest" time="0.01"/>
  <testcase classname="zemberek.morphology.analysis.PronounsTest" name="kimiTest" time="0.009"/>
  <testcase classname="zemberek.morphology.analysis.PronounsTest" name="kimseQuantTest" time="0.01"/>
  <testcase classname="zemberek.morphology.analysis.PronounsTest" name="sendekiTest_issue_188" time="0.011"/>
  <testcase classname="zemberek.morphology.analysis.PronounsTest" name="tumuTest" time="0.011"/>
  <testcase classname="zemberek.morphology.analysis.PronounsTest" name="herkesteTest_issue_178" time="0.013"/>
  <testcase classname="zemberek.morphology.analysis.PronounsTest" name="oburuTest" time="0.009"/>
  <testcase classname="zemberek.morphology.analysis.PronounsTest" name="bircoguTest" time="0.01"/>
  <testcase classname="zemberek.morphology.analysis.PronounsTest" name="buTest1" time="0.016"/>
  <testcase classname="zemberek.morphology.analysis.PronounsTest" name="falanFalancaTest1" time="0.029"/>
  <testcase classname="zemberek.morphology.analysis.PronounsTest" name="hepsiTest" time="0.015"/>
  <testcase classname="zemberek.morphology.analysis.PronounsTest" name="hepTest" time="0.014"/>
  <testcase classname="zemberek.morphology.analysis.PronounsTest" name="hicbiriTest" time="0.019"/>
  <testcase classname="zemberek.morphology.analysis.PronounsTest" name="nereTest" time="0.016"/>
  <testcase classname="zemberek.morphology.analysis.PronounsTest" name="herbiriTest1" time="0.013"/>
  <testcase classname="zemberek.morphology.analysis.PronounsTest" name="birkaciTest" time="0.015"/>
  <testcase classname="zemberek.morphology.analysis.PronounsTest" name="kendiTest" time="0.012"/>
  <testcase classname="zemberek.morphology.analysis.PronounsTest" name="benSenTest1" time="0.029"/>
  <testcase classname="zemberek.morphology.analysis.PronounsTest" name="oburkuTest" time="0.013"/>
  <testcase classname="zemberek.morphology.analysis.PronounsTest" name="birbiriTest" time="0.012"/>
  <testcase classname="zemberek.morphology.analysis.PronounsTest" name="kendiTest_issues_171_172" time="0.02"/>
</testsuite>