<?xml version="1.0" encoding="UTF-8" ?>
<testsuite tests="15" failures="0" name="zemberek.core.collections.IntIntMapTest" time="12.666" errors="1" skipped="2">
  <properties>
[...]
</properties>
  <testcase classname="zemberek.core.collections.IntIntMapTest" name="testPerformance" time="0">
    <skipped message="Not a unit test"/>
  </testcase>
  <testcase classname="zemberek.core.collections.IntIntMapTest" name="initializesCorrectly" time="0.002"/>
  <testcase classname="zemberek.core.collections.IntIntMapTest" name="removeRemovesCorrectly" time="0"/>
  <testcase classname="zemberek.core.collections.IntIntMapTest" name="removeSpansWorksCorrectly" time="0"/>
  <testcase classname="zemberek.core.collections.IntIntMapTest" name="expandsCorrectly" time="0.007"/>
  <testcase classname="zemberek.core.collections.IntIntMapTest" name="speedAgainstHashMap" time="0.007">
    <skipped message="Not a unit test"/>
  </testcase>
  <testcase classname="zemberek.core.collections.IntIntMapTest" name="failsOnInvalidKeys" time="0"/>
  <testcase classname="zemberek.core.collections.IntIntMapTest" name="removeTest2" time="0.002"/>
  <testcase classname="zemberek.core.collections.IntIntMapTest" name="putAddsAndUpdatesElementsCorrectly" time="0.004"/>
  <testcase classname="zemberek.core.collections.IntIntMapTest" name="putGetWorksCorrectly" time="0"/>
  <testcase classname="zemberek.core.collections.IntIntMapTest" name="survivesSimpleFuzzing" time="11.808"/>
  <testcase classname="zemberek.core.collections.IntIntMapTest" name="checkLargeValues" time="0.817">
    <error message="Java heap space" type="java.lang.OutOfMemoryError">java.lang.OutOfMemoryError: Java heap space
	at zemberek.core.collections.CompactIntMapBase.&lt;init&gt;(CompactIntMapBase.java:29)
	at zemberek.core.collections.IntIntMap.&lt;init&gt;(IntIntMap.java:24)
	at zemberek.core.collections.IntIntMap.expand(IntIntMap.java:128)
	at zemberek.core.collections.CompactIntMapBase.expandIfNecessary(CompactIntMapBase.java:114)
	at zemberek.core.collections.IntIntMap.put(IntIntMap.java:41)
	at zemberek.core.collections.IntIntMapTest.checkLargeValues(IntIntMapTest.java:229)
	at sun.reflect.NativeMethodAccessorImpl.invoke0(Native Method)
	at sun.reflect.NativeMethodAccessorImpl.invoke(NativeMethodAccessorImpl.java:62)
	at sun.reflect.DelegatingMethodAccessorImpl.invoke(DelegatingMethodAccessorImpl.java:43)
	at java.lang.reflect.Method.invoke(Method.java:498)
	at org.junit.runners.model.FrameworkMethod$1.runReflectiveCall(FrameworkMethod.java:50)
	at org.junit.internal.runners.model.ReflectiveCallable.run(ReflectiveCallable.java:12)
	at org.junit.runners.model.FrameworkMethod.invokeExplosively(FrameworkMethod.java:47)
	at org.junit.internal.runners.statements.InvokeMethod.evaluate(InvokeMethod.java:17)
	at org.junit.runners.ParentRunner.runLeaf(ParentRunner.java:325)
	at org.junit.runners.BlockJUnit4ClassRunner.runChild(BlockJUnit4ClassRunner.java:78)
	at org.junit.runners.BlockJUnit4ClassRunner.runChild(BlockJUnit4ClassRunner.java:57)
	at org.junit.runners.ParentRunner$3.run(ParentRunner.java:290)
	at org.junit.runners.ParentRunner$1.schedule(ParentRunner.java:71)
	at org.junit.runners.ParentRunner.runChildren(ParentRunner.java:288)
	at org.junit.runners.ParentRunner.access$000(ParentRunner.java:58)
	at org.junit.runners.ParentRunner$2.evaluate(ParentRunner.java:268)
	at org.junit.runners.ParentRunner.run(ParentRunner.java:363)
	at org.apache.maven.surefire.junit4.JUnit4Provider.execute(JUnit4Provider.java:252)
	at org.apache.maven.surefire.junit4.JUnit4Provider.executeTestSet(JUnit4Provider.java:141)
	at org.apache.maven.surefire.junit4.JUnit4Provider.invoke(JUnit4Provider.java:112)
	at sun.reflect.NativeMethodAccessorImpl.invoke0(Native Method)
	at sun.reflect.NativeMethodAccessorImpl.invoke(NativeMethodAccessorImpl.java:62)
	at sun.reflect.DelegatingMethodAccessorImpl.invoke(DelegatingMethodAccessorImpl.java:43)
	at java.lang.reflect.Method.invoke(Method.java:498)
	at org.apache.maven.surefire.util.ReflectionUtils.invokeMethodWithArray(ReflectionUtils.java:189)
	at org.apache.maven.surefire.booter.ProviderFactory$ProviderProxy.invoke(ProviderFactory.java:165)
</error>
  </testcase>
  <testcase classname="zemberek.core.collections.IntIntMapTest" name="failsOnInvalidSizes" time="0"/>
  <testcase classname="zemberek.core.collections.IntIntMapTest" name="getTest2" time="0.013"/>
  <testcase classname="zemberek.core.collections.IntIntMapTest" name="removeSpansWorksCorrectly2" time="0.006"/>
</testsuite>